<?xml version='1.0'?>
<ns2:test-suite xmlns:ns2='urn:model.allure.qatools.yandex.ru' start='1660069582017' stop='1660069582925'>
    <name>Api tests</name>
    <title>Api tests</title>
    <test-cases>
        <test-case start='1660069582018' status='broken' stop='1660069582489'>
            <name>Get posts</name>
            <title>Get posts</title>
            <labels>
                <label name='language' value='javascript'/>
                <label name='framework' value='wdio'/>
                <label name='thread' value='0-0'/>
            </labels>
            <parameters>
                <parameter kind='argument' name='browser' value='chrome-103.0.5060.134'/>
            </parameters>
            <steps>
                <step start='1660069582416' status='passed' stop='1660069582488'>
                    <name>GET /session/:sessionId/screenshot</name>
                    <title>GET /session/:sessionId/screenshot</title>
                    <attachments>
                        <attachment title='Screenshot' source='6ccb3ccc-7a8c-4d5a-a2c5-a7a81822c8f1-attachment.png' type='image/png' size='5153'/>
                    </attachments>
                    <steps/>
                </step>
            </steps>
            <attachments/>
            <failure>
                <message>Cannot read properties of undefined (reading 'status')</message>
                <stack-trace>TypeError: Cannot read properties of undefined (reading 'status')
                    at Context.&lt;anonymous> (C:\Work\TS\WDIO_TS_MOCHA\src\ui\specs\api\tests\posts.test.ts:9:25)
                    at processTicksAndRejections (node:internal/process/task_queues:96:5)</stack-trace>
            </failure>
        </test-case>
        <test-case start='1660069582490' status='broken' stop='1660069582925'>
            <name>Get post for id = 1</name>
            <title>Get post for id = 1</title>
            <labels>
                <label name='language' value='javascript'/>
                <label name='framework' value='wdio'/>
                <label name='thread' value='0-0'/>
            </labels>
            <parameters>
                <parameter kind='argument' name='browser' value='chrome-103.0.5060.134'/>
            </parameters>
            <steps>
                <step start='1660069582857' status='passed' stop='1660069582925'>
                    <name>GET /session/:sessionId/screenshot</name>
                    <title>GET /session/:sessionId/screenshot</title>
                    <attachments>
                        <attachment title='Screenshot' source='6d504a9d-f297-49b2-a0af-5b11742e76c0-attachment.png' type='image/png' size='5153'/>
                    </attachments>
                    <steps/>
                </step>
            </steps>
            <attachments/>
            <failure>
                <message>Cannot read properties of undefined (reading 'status')</message>
                <stack-trace>TypeError: Cannot read properties of undefined (reading 'status')
                    at Context.&lt;anonymous> (C:\Work\TS\WDIO_TS_MOCHA\src\ui\specs\api\tests\posts.test.ts:14:25)
                    at processTicksAndRejections (node:internal/process/task_queues:96:5)</stack-trace>
            </failure>
        </test-case>
    </test-cases>
</ns2:test-suite>